<?xml version="1.0" encoding="UTF-8"?>
<testsuite xmlns:xsi="http://www.w3.org/2001/XMLSchema-instance" xsi:noNamespaceSchemaLocation="https://maven.apache.org/surefire/maven-surefire-plugin/xsd/surefire-test-report-3.0.xsd" version="3.0" name="com.helpdeskapi.rest.resource.TestResourceTest" time="1.723" tests="1" errors="0" skipped="0" failures="0">
  <properties>
[...]
</properties>
  <testcase name="test" classname="com.helpdeskapi.rest.resource.TestResourceTest" time="1.472">
    <system-out><![CDATA[2024-11-08 00:06:22,295 INFO  15   com.helpdeskapi.rest.ApiApplication                - Configuracion de binder
]]></system-out>
  </testcase>
</testsuite>